<?xml version="1.0" encoding="UTF-8"?>
<testsuite xmlns:xsi="http://www.w3.org/2001/XMLSchema-instance" xsi:noNamespaceSchemaLocation="https://maven.apache.org/surefire/maven-surefire-plugin/xsd/surefire-test-report-3.0.xsd" version="3.0" name="com.devonfw.application.jtqj.visitormanagement.logic.impl.VisitormanagementTest" time="0.125" tests="2" errors="0" skipped="0" failures="0">
  <properties>
    <property name="java.specification.version" value="17"/>
    <property name="sun.cpu.isalist" value="amd64"/>
    <property name="sun.jnu.encoding" value="Cp1252"/>
    <property name="java.class.path" value="C:\projects\my-project\workspaces\main\jumpthequeue\java\jtqj\core\target\test-classes;C:\projects\my-project\workspaces\main\jumpthequeue\java\jtqj\core\target\classes;C:\projects\my-project\workspaces\main\jumpthequeue\java\jtqj\api\target\classes;C:\projects\my-project\conf\.m2\repository\org\springframework\data\spring-data-commons\2.1.9.RELEASE\spring-data-commons-2.1.9.RELEASE.jar;C:\projects\my-project\conf\.m2\repository\com\devonfw\java\modules\devon4j-rest\3.1.1\devon4j-rest-3.1.1.jar;C:\projects\my-project\conf\.m2\repository\com\fasterxml\jackson\jaxrs\jackson-jaxrs-json-provider\2.9.9\jackson-jaxrs-json-provider-2.9.9.jar;C:\projects\my-project\conf\.m2\repository\com\fasterxml\jackson\jaxrs\jackson-jaxrs-base\2.9.9\jackson-jaxrs-base-2.9.9.jar;C:\projects\my-project\conf\.m2\repository\com\fasterxml\jackson\module\jackson-module-jaxb-annotations\2.9.9\jackson-module-jaxb-annotations-2.9.9.jar;C:\projects\my-project\conf\.m2\repository\javax\ws\rs\javax.ws.rs-api\2.1\javax.ws.rs-api-2.1.jar;C:\projects\my-project\conf\.m2\repository\com\devonfw\java\modules\devon4j-service\3.1.1\devon4j-service-3.1.1.jar;C:\projects\my-project\conf\.m2\repository\com\devonfw\java\modules\devon4j-json\3.1.1\devon4j-json-3.1.1.jar;C:\projects\my-project\conf\.m2\repository\net\sf\m-m-m\mmm-util-validation\8.7.0\mmm-util-validation-8.7.0.jar;C:\projects\my-project\conf\.m2\repository\net\sf\m-m-m\mmm-util-pojopath\8.7.0\mmm-util-pojopath-8.7.0.jar;C:\projects\my-project\conf\.m2\repository\net\sf\m-m-m\mmm-util-value\8.7.0\mmm-util-value-8.7.0.jar;C:\projects\my-project\conf\.m2\repository\net\sf\m-m-m\mmm-util-pojo\8.7.0\mmm-util-pojo-8.7.0.jar;C:\projects\my-project\conf\.m2\repository\net\sf\m-m-m\mmm-util-reflect\8.7.0\mmm-util-reflect-8.7.0.jar;C:\projects\my-project\conf\.m2\repository\net\sf\m-m-m\mmm-util-collection\8.7.0\mmm-util-collection-8.7.0.jar;C:\projects\my-project\conf\.m2\repository\net\sf\m-m-m\mmm-util-math\8.7.0\mmm-util-math-8.7.0.jar;C:\projects\my-project\conf\.m2\repository\net\sf\m-m-m\mmm-util-lang\8.7.0\mmm-util-lang-8.7.0.jar;C:\projects\my-project\conf\.m2\repository\net\sf\m-m-m\mmm-util-exception\8.7.0\mmm-util-exception-8.7.0.jar;C:\projects\my-project\conf\.m2\repository\net\sf\m-m-m\mmm-util-nls\8.7.0\mmm-util-nls-8.7.0.jar;C:\projects\my-project\conf\.m2\repository\net\sf\m-m-m\mmm-util-text\8.7.0\mmm-util-text-8.7.0.jar;C:\projects\my-project\conf\.m2\repository\net\sf\m-m-m\mmm-util-date\8.7.0\mmm-util-date-8.7.0.jar;C:\projects\my-project\conf\.m2\repository\net\sf\m-m-m\mmm-util-scanner\8.7.0\mmm-util-scanner-8.7.0.jar;C:\projects\my-project\conf\.m2\repository\net\sf\m-m-m\mmm-util-session\8.7.0\mmm-util-session-8.7.0.jar;C:\projects\my-project\conf\.m2\repository\org\glassfish\web\javax.el\2.2.6\javax.el-2.2.6.jar;C:\projects\my-project\conf\.m2\repository\com\devonfw\java\modules\devon4j-logging\3.1.1\devon4j-logging-3.1.1.jar;C:\projects\my-project\conf\.m2\repository\ch\qos\logback\logback-classic\1.2.3\logback-classic-1.2.3.jar;C:\projects\my-project\conf\.m2\repository\ch\qos\logback\logback-core\1.2.3\logback-core-1.2.3.jar;C:\projects\my-project\conf\.m2\repository\org\slf4j\jcl-over-slf4j\1.7.26\jcl-over-slf4j-1.7.26.jar;C:\projects\my-project\conf\.m2\repository\org\apache\httpcomponents\httpclient\4.5.9\httpclient-4.5.9.jar;C:\projects\my-project\conf\.m2\repository\org\apache\httpcomponents\httpcore\4.4.11\httpcore-4.4.11.jar;C:\projects\my-project\conf\.m2\repository\commons-codec\commons-codec\1.11\commons-codec-1.11.jar;C:\projects\my-project\conf\.m2\repository\com\devonfw\java\modules\devon4j-beanmapping\3.1.1\devon4j-beanmapping-3.1.1.jar;C:\projects\my-project\conf\.m2\repository\com\devonfw\java\modules\devon4j-basic\3.1.1\devon4j-basic-3.1.1.jar;C:\projects\my-project\conf\.m2\repository\com\github\dozermapper\dozer-core\6.4.1\dozer-core-6.4.1.jar;C:\projects\my-project\conf\.m2\repository\commons-beanutils\commons-beanutils\1.9.3\commons-beanutils-1.9.3.jar;C:\projects\my-project\conf\.m2\repository\commons-collections\commons-collections\3.2.2\commons-collections-3.2.2.jar;C:\projects\my-project\conf\.m2\repository\org\apache\commons\commons-lang3\3.8.1\commons-lang3-3.8.1.jar;C:\projects\my-project\conf\.m2\repository\commons-io\commons-io\2.5\commons-io-2.5.jar;C:\projects\my-project\conf\.m2\repository\org\objenesis\objenesis\2.6\objenesis-2.6.jar;C:\projects\my-project\conf\.m2\repository\javax\xml\bind\jaxb-api\2.3.1\jaxb-api-2.3.1.jar;C:\projects\my-project\conf\.m2\repository\org\glassfish\jaxb\jaxb-runtime\2.3.1\jaxb-runtime-2.3.1.jar;C:\projects\my-project\conf\.m2\repository\org\glassfish\jaxb\txw2\2.3.1\txw2-2.3.1.jar;C:\projects\my-project\conf\.m2\repository\com\sun\istack\istack-commons-runtime\3.0.7\istack-commons-runtime-3.0.7.jar;C:\projects\my-project\conf\.m2\repository\org\jvnet\staxex\stax-ex\1.8\stax-ex-1.8.jar;C:\projects\my-project\conf\.m2\repository\com\sun\xml\fastinfoset\FastInfoset\1.2.15\FastInfoset-1.2.15.jar;C:\projects\my-project\conf\.m2\repository\com\devonfw\java\modules\devon4j-security\3.1.1\devon4j-security-3.1.1.jar;C:\projects\my-project\conf\.m2\repository\org\springframework\spring-web\5.1.8.RELEASE\spring-web-5.1.8.RELEASE.jar;C:\projects\my-project\conf\.m2\repository\org\springframework\security\spring-security-config\5.1.5.RELEASE\spring-security-config-5.1.5.RELEASE.jar;C:\projects\my-project\conf\.m2\repository\org\springframework\security\spring-security-core\5.1.5.RELEASE\spring-security-core-5.1.5.RELEASE.jar;C:\projects\my-project\conf\.m2\repository\org\springframework\security\spring-security-web\5.1.5.RELEASE\spring-security-web-5.1.5.RELEASE.jar;C:\projects\my-project\conf\.m2\repository\javax\inject\javax.inject\1\javax.inject-1.jar;C:\projects\my-project\conf\.m2\repository\javax\annotation\javax.annotation-api\1.3.2\javax.annotation-api-1.3.2.jar;C:\projects\my-project\conf\.m2\repository\javax\activation\javax.activation-api\1.2.0\javax.activation-api-1.2.0.jar;C:\projects\my-project\conf\.m2\repository\com\fasterxml\jackson\core\jackson-databind\2.9.9.2\jackson-databind-2.9.9.2.jar;C:\projects\my-project\conf\.m2\repository\com\fasterxml\jackson\core\jackson-annotations\2.9.0\jackson-annotations-2.9.0.jar;C:\projects\my-project\conf\.m2\repository\com\fasterxml\jackson\core\jackson-core\2.9.9\jackson-core-2.9.9.jar;C:\projects\my-project\conf\.m2\repository\com\devonfw\java\modules\devon4j-web\3.1.1\devon4j-web-3.1.1.jar;C:\projects\my-project\conf\.m2\repository\com\devonfw\java\starters\devon4j-starter-cxf-client-rest\3.1.1\devon4j-starter-cxf-client-rest-3.1.1.jar;C:\projects\my-project\conf\.m2\repository\com\devonfw\java\starters\devon4j-starter-cxf-client\3.1.1\devon4j-starter-cxf-client-3.1.1.jar;C:\projects\my-project\conf\.m2\repository\com\devonfw\java\modules\devon4j-cxf-client\3.1.1\devon4j-cxf-client-3.1.1.jar;C:\projects\my-project\conf\.m2\repository\com\devonfw\java\modules\devon4j-cxf-client-rest\3.1.1\devon4j-cxf-client-rest-3.1.1.jar;C:\projects\my-project\conf\.m2\repository\org\apache\cxf\cxf-rt-rs-client\3.2.5\cxf-rt-rs-client-3.2.5.jar;C:\projects\my-project\conf\.m2\repository\com\devonfw\java\starters\devon4j-starter-cxf-client-ws\3.1.1\devon4j-starter-cxf-client-ws-3.1.1.jar;C:\projects\my-project\conf\.m2\repository\com\devonfw\java\modules\devon4j-cxf-client-ws\3.1.1\devon4j-cxf-client-ws-3.1.1.jar;C:\projects\my-project\conf\.m2\repository\org\apache\cxf\cxf-rt-frontend-jaxws\3.2.5\cxf-rt-frontend-jaxws-3.2.5.jar;C:\projects\my-project\conf\.m2\repository\xml-resolver\xml-resolver\1.2\xml-resolver-1.2.jar;C:\projects\my-project\conf\.m2\repository\org\apache\cxf\cxf-rt-bindings-soap\3.2.5\cxf-rt-bindings-soap-3.2.5.jar;C:\projects\my-project\conf\.m2\repository\org\apache\cxf\cxf-rt-wsdl\3.2.5\cxf-rt-wsdl-3.2.5.jar;C:\projects\my-project\conf\.m2\repository\wsdl4j\wsdl4j\1.6.3\wsdl4j-1.6.3.jar;C:\projects\my-project\conf\.m2\repository\org\apache\cxf\cxf-rt-databinding-jaxb\3.2.5\cxf-rt-databinding-jaxb-3.2.5.jar;C:\projects\my-project\conf\.m2\repository\org\apache\cxf\cxf-rt-bindings-xml\3.2.5\cxf-rt-bindings-xml-3.2.5.jar;C:\projects\my-project\conf\.m2\repository\org\apache\cxf\cxf-rt-frontend-simple\3.2.5\cxf-rt-frontend-simple-3.2.5.jar;C:\projects\my-project\conf\.m2\repository\org\apache\cxf\cxf-rt-ws-addr\3.2.5\cxf-rt-ws-addr-3.2.5.jar;C:\projects\my-project\conf\.m2\repository\org\apache\cxf\cxf-rt-ws-policy\3.2.5\cxf-rt-ws-policy-3.2.5.jar;C:\projects\my-project\conf\.m2\repository\org\apache\neethi\neethi\3.1.1\neethi-3.1.1.jar;C:\projects\my-project\conf\.m2\repository\javax\xml\ws\jaxws-api\2.3.1\jaxws-api-2.3.1.jar;C:\projects\my-project\conf\.m2\repository\javax\xml\soap\javax.xml.soap-api\1.4.0\javax.xml.soap-api-1.4.0.jar;C:\projects\my-project\conf\.m2\repository\javax\jws\javax.jws-api\1.1\javax.jws-api-1.1.jar;C:\projects\my-project\conf\.m2\repository\com\devonfw\java\starters\devon4j-starter-cxf-server-rest\3.1.1\devon4j-starter-cxf-server-rest-3.1.1.jar;C:\projects\my-project\conf\.m2\repository\com\devonfw\java\starters\devon4j-starter-cxf-server\3.1.1\devon4j-starter-cxf-server-3.1.1.jar;C:\projects\my-project\conf\.m2\repository\com\devonfw\java\modules\devon4j-cxf-server\3.1.1\devon4j-cxf-server-3.1.1.jar;C:\projects\my-project\conf\.m2\repository\com\devonfw\java\modules\devon4j-cxf-server-rest\3.1.1\devon4j-cxf-server-rest-3.1.1.jar;C:\projects\my-project\conf\.m2\repository\com\devonfw\java\starters\devon4j-starter-cxf-server-ws\3.1.1\devon4j-starter-cxf-server-ws-3.1.1.jar;C:\projects\my-project\conf\.m2\repository\com\devonfw\java\modules\devon4j-cxf-server-ws\3.1.1\devon4j-cxf-server-ws-3.1.1.jar;C:\projects\my-project\conf\.m2\repository\org\springframework\boot\spring-boot-starter-web-services\2.1.6.RELEASE\spring-boot-starter-web-services-2.1.6.RELEASE.jar;C:\projects\my-project\conf\.m2\repository\com\sun\xml\messaging\saaj\saaj-impl\1.5.0\saaj-impl-1.5.0.jar;C:\projects\my-project\conf\.m2\repository\org\jvnet\mimepull\mimepull\1.9.11\mimepull-1.9.11.jar;C:\projects\my-project\conf\.m2\repository\org\springframework\spring-oxm\5.1.8.RELEASE\spring-oxm-5.1.8.RELEASE.jar;C:\projects\my-project\conf\.m2\repository\org\springframework\ws\spring-ws-core\3.0.7.RELEASE\spring-ws-core-3.0.7.RELEASE.jar;C:\projects\my-project\conf\.m2\repository\org\springframework\ws\spring-xml\3.0.7.RELEASE\spring-xml-3.0.7.RELEASE.jar;C:\projects\my-project\conf\.m2\repository\com\devonfw\java\starters\devon4j-starter-spring-data-jpa\3.1.1\devon4j-starter-spring-data-jpa-3.1.1.jar;C:\projects\my-project\conf\.m2\repository\com\devonfw\java\modules\devon4j-jpa-spring-data\3.1.1\devon4j-jpa-spring-data-3.1.1.jar;C:\projects\my-project\conf\.m2\repository\com\devonfw\java\modules\devon4j-jpa-basic\3.1.1\devon4j-jpa-basic-3.1.1.jar;C:\projects\my-project\conf\.m2\repository\org\springframework\data\spring-data-jpa\2.1.9.RELEASE\spring-data-jpa-2.1.9.RELEASE.jar;C:\projects\my-project\conf\.m2\repository\org\springframework\spring-orm\5.1.8.RELEASE\spring-orm-5.1.8.RELEASE.jar;C:\projects\my-project\conf\.m2\repository\org\aspectj\aspectjrt\1.9.4\aspectjrt-1.9.4.jar;C:\projects\my-project\conf\.m2\repository\org\aspectj\aspectjweaver\1.9.4\aspectjweaver-1.9.4.jar;C:\projects\my-project\conf\.m2\repository\org\springframework\boot\spring-boot-starter-data-jpa\2.1.6.RELEASE\spring-boot-starter-data-jpa-2.1.6.RELEASE.jar;C:\projects\my-project\conf\.m2\repository\org\springframework\boot\spring-boot-starter-aop\2.1.6.RELEASE\spring-boot-starter-aop-2.1.6.RELEASE.jar;C:\projects\my-project\conf\.m2\repository\javax\transaction\javax.transaction-api\1.3\javax.transaction-api-1.3.jar;C:\projects\my-project\conf\.m2\repository\org\springframework\spring-aspects\5.1.8.RELEASE\spring-aspects-5.1.8.RELEASE.jar;C:\projects\my-project\conf\.m2\repository\org\springframework\boot\spring-boot-starter-jdbc\2.1.6.RELEASE\spring-boot-starter-jdbc-2.1.6.RELEASE.jar;C:\projects\my-project\conf\.m2\repository\org\springframework\boot\spring-boot-starter\2.1.6.RELEASE\spring-boot-starter-2.1.6.RELEASE.jar;C:\projects\my-project\conf\.m2\repository\org\springframework\boot\spring-boot\2.1.6.RELEASE\spring-boot-2.1.6.RELEASE.jar;C:\projects\my-project\conf\.m2\repository\org\springframework\boot\spring-boot-autoconfigure\2.1.6.RELEASE\spring-boot-autoconfigure-2.1.6.RELEASE.jar;C:\projects\my-project\conf\.m2\repository\org\springframework\boot\spring-boot-starter-logging\2.1.6.RELEASE\spring-boot-starter-logging-2.1.6.RELEASE.jar;C:\projects\my-project\conf\.m2\repository\org\apache\logging\log4j\log4j-to-slf4j\2.11.2\log4j-to-slf4j-2.11.2.jar;C:\projects\my-project\conf\.m2\repository\org\apache\logging\log4j\log4j-api\2.11.2\log4j-api-2.11.2.jar;C:\projects\my-project\conf\.m2\repository\org\slf4j\jul-to-slf4j\1.7.26\jul-to-slf4j-1.7.26.jar;C:\projects\my-project\conf\.m2\repository\org\yaml\snakeyaml\1.23\snakeyaml-1.23.jar;C:\projects\my-project\conf\.m2\repository\com\zaxxer\HikariCP\3.2.0\HikariCP-3.2.0.jar;C:\projects\my-project\conf\.m2\repository\org\springframework\spring-jdbc\5.1.8.RELEASE\spring-jdbc-5.1.8.RELEASE.jar;C:\projects\my-project\conf\.m2\repository\org\springframework\spring-tx\5.1.8.RELEASE\spring-tx-5.1.8.RELEASE.jar;C:\projects\my-project\conf\.m2\repository\javax\persistence\javax.persistence-api\2.2\javax.persistence-api-2.2.jar;C:\projects\my-project\conf\.m2\repository\org\hibernate\hibernate-entitymanager\5.3.10.Final\hibernate-entitymanager-5.3.10.Final.jar;C:\projects\my-project\conf\.m2\repository\org\jboss\logging\jboss-logging\3.3.2.Final\jboss-logging-3.3.2.Final.jar;C:\projects\my-project\conf\.m2\repository\org\hibernate\hibernate-core\5.3.10.Final\hibernate-core-5.3.10.Final.jar;C:\projects\my-project\conf\.m2\repository\org\javassist\javassist\3.23.2-GA\javassist-3.23.2-GA.jar;C:\projects\my-project\conf\.m2\repository\antlr\antlr\2.7.7\antlr-2.7.7.jar;C:\projects\my-project\conf\.m2\repository\org\jboss\jandex\2.0.5.Final\jandex-2.0.5.Final.jar;C:\projects\my-project\conf\.m2\repository\org\dom4j\dom4j\2.1.1\dom4j-2.1.1.jar;C:\projects\my-project\conf\.m2\repository\org\hibernate\common\hibernate-commons-annotations\5.0.4.Final\hibernate-commons-annotations-5.0.4.Final.jar;C:\projects\my-project\conf\.m2\repository\net\bytebuddy\byte-buddy\1.9.13\byte-buddy-1.9.13.jar;C:\projects\my-project\conf\.m2\repository\org\jboss\spec\javax\transaction\jboss-transaction-api_1.2_spec\1.1.1.Final\jboss-transaction-api_1.2_spec-1.1.1.Final.jar;C:\projects\my-project\conf\.m2\repository\com\querydsl\querydsl-jpa\4.2.1\querydsl-jpa-4.2.1.jar;C:\projects\my-project\conf\.m2\repository\com\querydsl\querydsl-core\4.2.1\querydsl-core-4.2.1.jar;C:\projects\my-project\conf\.m2\repository\com\google\guava\guava\28.0-jre\guava-28.0-jre.jar;C:\projects\my-project\conf\.m2\repository\com\google\guava\failureaccess\1.0.1\failureaccess-1.0.1.jar;C:\projects\my-project\conf\.m2\repository\com\google\guava\listenablefuture\9999.0-empty-to-avoid-conflict-with-guava\listenablefuture-9999.0-empty-to-avoid-conflict-with-guava.jar;C:\projects\my-project\conf\.m2\repository\org\checkerframework\checker-qual\2.8.1\checker-qual-2.8.1.jar;C:\projects\my-project\conf\.m2\repository\com\google\errorprone\error_prone_annotations\2.3.2\error_prone_annotations-2.3.2.jar;C:\projects\my-project\conf\.m2\repository\com\google\j2objc\j2objc-annotations\1.3\j2objc-annotations-1.3.jar;C:\projects\my-project\conf\.m2\repository\org\codehaus\mojo\animal-sniffer-annotations\1.17\animal-sniffer-annotations-1.17.jar;C:\projects\my-project\conf\.m2\repository\com\google\code\findbugs\jsr305\1.3.9\jsr305-1.3.9.jar;C:\projects\my-project\conf\.m2\repository\com\mysema\commons\mysema-commons-lang\0.2.4\mysema-commons-lang-0.2.4.jar;C:\projects\my-project\conf\.m2\repository\com\infradna\tool\bridge-method-annotation\1.13\bridge-method-annotation-1.13.jar;C:\projects\my-project\conf\.m2\repository\com\querydsl\querydsl-apt\4.2.1\querydsl-apt-4.2.1.jar;C:\projects\my-project\conf\.m2\repository\com\querydsl\querydsl-codegen\4.2.1\querydsl-codegen-4.2.1.jar;C:\projects\my-project\conf\.m2\repository\com\mysema\codegen\codegen\0.6.8\codegen-0.6.8.jar;C:\projects\my-project\conf\.m2\repository\org\eclipse\jdt\core\compiler\ecj\4.3.1\ecj-4.3.1.jar;C:\projects\my-project\conf\.m2\repository\org\reflections\reflections\0.9.9\reflections-0.9.9.jar;C:\projects\my-project\conf\.m2\repository\com\google\code\findbugs\annotations\2.0.1\annotations-2.0.1.jar;C:\projects\my-project\conf\.m2\repository\org\hibernate\validator\hibernate-validator\6.0.17.Final\hibernate-validator-6.0.17.Final.jar;C:\projects\my-project\conf\.m2\repository\javax\validation\validation-api\2.0.1.Final\validation-api-2.0.1.Final.jar;C:\projects\my-project\conf\.m2\repository\com\fasterxml\classmate\1.4.0\classmate-1.4.0.jar;C:\projects\my-project\conf\.m2\repository\javax\servlet\javax.servlet-api\4.0.1\javax.servlet-api-4.0.1.jar;C:\projects\my-project\conf\.m2\repository\javax\el\javax.el-api\3.0.0\javax.el-api-3.0.0.jar;C:\projects\my-project\conf\.m2\repository\org\springframework\spring-webmvc\5.1.8.RELEASE\spring-webmvc-5.1.8.RELEASE.jar;C:\projects\my-project\conf\.m2\repository\org\springframework\spring-beans\5.1.8.RELEASE\spring-beans-5.1.8.RELEASE.jar;C:\projects\my-project\conf\.m2\repository\org\springframework\spring-context\5.1.8.RELEASE\spring-context-5.1.8.RELEASE.jar;C:\projects\my-project\conf\.m2\repository\org\springframework\spring-core\5.1.8.RELEASE\spring-core-5.1.8.RELEASE.jar;C:\projects\my-project\conf\.m2\repository\org\springframework\spring-jcl\5.1.8.RELEASE\spring-jcl-5.1.8.RELEASE.jar;C:\projects\my-project\conf\.m2\repository\org\springframework\spring-expression\5.1.8.RELEASE\spring-expression-5.1.8.RELEASE.jar;C:\projects\my-project\conf\.m2\repository\com\h2database\h2\1.4.199\h2-1.4.199.jar;C:\projects\my-project\conf\.m2\repository\org\flywaydb\flyway-core\5.2.4\flyway-core-5.2.4.jar;C:\projects\my-project\conf\.m2\repository\org\apache\cxf\cxf-rt-rs-service-description\3.2.5\cxf-rt-rs-service-description-3.2.5.jar;C:\projects\my-project\conf\.m2\repository\org\apache\cxf\cxf-rt-frontend-jaxrs\3.2.5\cxf-rt-frontend-jaxrs-3.2.5.jar;C:\projects\my-project\conf\.m2\repository\org\apache\cxf\cxf-core\3.2.5\cxf-core-3.2.5.jar;C:\projects\my-project\conf\.m2\repository\com\fasterxml\woodstox\woodstox-core\5.0.3\woodstox-core-5.0.3.jar;C:\projects\my-project\conf\.m2\repository\org\codehaus\woodstox\stax2-api\3.1.4\stax2-api-3.1.4.jar;C:\projects\my-project\conf\.m2\repository\org\apache\ws\xmlschema\xmlschema-core\2.2.3\xmlschema-core-2.2.3.jar;C:\projects\my-project\conf\.m2\repository\org\apache\cxf\cxf-rt-transports-http\3.2.5\cxf-rt-transports-http-3.2.5.jar;C:\projects\my-project\conf\.m2\repository\org\springframework\boot\spring-boot-starter-actuator\2.1.6.RELEASE\spring-boot-starter-actuator-2.1.6.RELEASE.jar;C:\projects\my-project\conf\.m2\repository\org\springframework\boot\spring-boot-actuator-autoconfigure\2.1.6.RELEASE\spring-boot-actuator-autoconfigure-2.1.6.RELEASE.jar;C:\projects\my-project\conf\.m2\repository\org\springframework\boot\spring-boot-actuator\2.1.6.RELEASE\spring-boot-actuator-2.1.6.RELEASE.jar;C:\projects\my-project\conf\.m2\repository\com\fasterxml\jackson\datatype\jackson-datatype-jsr310\2.9.9\jackson-datatype-jsr310-2.9.9.jar;C:\projects\my-project\conf\.m2\repository\io\micrometer\micrometer-core\1.1.5\micrometer-core-1.1.5.jar;C:\projects\my-project\conf\.m2\repository\org\hdrhistogram\HdrHistogram\2.1.9\HdrHistogram-2.1.9.jar;C:\projects\my-project\conf\.m2\repository\org\latencyutils\LatencyUtils\2.0.3\LatencyUtils-2.0.3.jar;C:\projects\my-project\conf\.m2\repository\org\springframework\spring-aop\5.1.8.RELEASE\spring-aop-5.1.8.RELEASE.jar;C:\projects\my-project\conf\.m2\repository\cglib\cglib\3.2.5\cglib-3.2.5.jar;C:\projects\my-project\conf\.m2\repository\org\ow2\asm\asm\6.0_ALPHA\asm-6.0_ALPHA.jar;C:\projects\my-project\conf\.m2\repository\org\apache\ant\ant\1.9.6\ant-1.9.6.jar;C:\projects\my-project\conf\.m2\repository\org\apache\ant\ant-launcher\1.9.6\ant-launcher-1.9.6.jar;C:\projects\my-project\conf\.m2\repository\net\logstash\logback\logstash-logback-encoder\5.2\logstash-logback-encoder-5.2.jar;C:\projects\my-project\conf\.m2\repository\com\devonfw\java\modules\devon4j-test\3.1.1\devon4j-test-3.1.1.jar;C:\projects\my-project\conf\.m2\repository\org\mockito\mockito-core\2.23.4\mockito-core-2.23.4.jar;C:\projects\my-project\conf\.m2\repository\net\bytebuddy\byte-buddy-agent\1.9.13\byte-buddy-agent-1.9.13.jar;C:\projects\my-project\conf\.m2\repository\org\springframework\boot\spring-boot-starter-test\2.1.6.RELEASE\spring-boot-starter-test-2.1.6.RELEASE.jar;C:\projects\my-project\conf\.m2\repository\org\springframework\boot\spring-boot-test\2.1.6.RELEASE\spring-boot-test-2.1.6.RELEASE.jar;C:\projects\my-project\conf\.m2\repository\org\springframework\boot\spring-boot-test-autoconfigure\2.1.6.RELEASE\spring-boot-test-autoconfigure-2.1.6.RELEASE.jar;C:\projects\my-project\conf\.m2\repository\com\jayway\jsonpath\json-path\2.4.0\json-path-2.4.0.jar;C:\projects\my-project\conf\.m2\repository\net\minidev\json-smart\2.3\json-smart-2.3.jar;C:\projects\my-project\conf\.m2\repository\net\minidev\accessors-smart\1.2\accessors-smart-1.2.jar;C:\projects\my-project\conf\.m2\repository\org\assertj\assertj-core\3.11.1\assertj-core-3.11.1.jar;C:\projects\my-project\conf\.m2\repository\org\hamcrest\hamcrest-core\1.3\hamcrest-core-1.3.jar;C:\projects\my-project\conf\.m2\repository\org\hamcrest\hamcrest-library\1.3\hamcrest-library-1.3.jar;C:\projects\my-project\conf\.m2\repository\org\springframework\spring-test\5.1.8.RELEASE\spring-test-5.1.8.RELEASE.jar;C:\projects\my-project\conf\.m2\repository\org\xmlunit\xmlunit-core\2.6.2\xmlunit-core-2.6.2.jar;C:\projects\my-project\conf\.m2\repository\org\springframework\boot\spring-boot-starter-web\2.1.6.RELEASE\spring-boot-starter-web-2.1.6.RELEASE.jar;C:\projects\my-project\conf\.m2\repository\org\springframework\boot\spring-boot-starter-json\2.1.6.RELEASE\spring-boot-starter-json-2.1.6.RELEASE.jar;C:\projects\my-project\conf\.m2\repository\com\fasterxml\jackson\datatype\jackson-datatype-jdk8\2.9.9\jackson-datatype-jdk8-2.9.9.jar;C:\projects\my-project\conf\.m2\repository\com\fasterxml\jackson\module\jackson-module-parameter-names\2.9.9\jackson-module-parameter-names-2.9.9.jar;C:\projects\my-project\conf\.m2\repository\org\skyscreamer\jsonassert\1.5.0\jsonassert-1.5.0.jar;C:\projects\my-project\conf\.m2\repository\com\vaadin\external\google\android-json\0.0.20131108.vaadin1\android-json-0.0.20131108.vaadin1.jar;C:\projects\my-project\conf\.m2\repository\org\springframework\boot\spring-boot-starter-tomcat\2.1.6.RELEASE\spring-boot-starter-tomcat-2.1.6.RELEASE.jar;C:\projects\my-project\conf\.m2\repository\org\apache\tomcat\embed\tomcat-embed-core\9.0.21\tomcat-embed-core-9.0.21.jar;C:\projects\my-project\conf\.m2\repository\org\apache\tomcat\embed\tomcat-embed-el\9.0.21\tomcat-embed-el-9.0.21.jar;C:\projects\my-project\conf\.m2\repository\org\apache\tomcat\embed\tomcat-embed-websocket\9.0.21\tomcat-embed-websocket-9.0.21.jar;C:\projects\my-project\conf\.m2\repository\junit\junit\4.12\junit-4.12.jar;C:\projects\my-project\conf\.m2\repository\org\slf4j\slf4j-api\1.7.26\slf4j-api-1.7.26.jar;"/>
    <property name="java.vm.vendor" value="Eclipse Adoptium"/>
    <property name="sun.arch.data.model" value="64"/>
    <property name="user.variant" value=""/>
    <property name="java.vendor.url" value="https://adoptium.net/"/>
    <property name="user.timezone" value="Europe/Madrid"/>
    <property name="user.country.format" value="ES"/>
    <property name="os.name" value="Windows 11"/>
    <property name="java.vm.specification.version" value="17"/>
    <property name="sun.java.launcher" value="SUN_STANDARD"/>
    <property name="user.country" value="US"/>
    <property name="sun.boot.library.path" value="C:\projects\my-project\software\java\bin"/>
    <property name="sun.java.command" value="C:\Users\gpagango\AppData\Local\Temp\surefire14387196092542368294\surefirebooter6534470998165420043.jar C:\Users\gpagango\AppData\Local\Temp\surefire14387196092542368294 2023-04-17T12-16-25_394-jvmRun1 surefire11311232590144559898tmp surefire_03743555337909088902tmp"/>
    <property name="jdk.debug" value="release"/>
    <property name="surefire.test.class.path" value="C:\projects\my-project\workspaces\main\jumpthequeue\java\jtqj\core\target\test-classes;C:\projects\my-project\workspaces\main\jumpthequeue\java\jtqj\core\target\classes;C:\projects\my-project\workspaces\main\jumpthequeue\java\jtqj\api\target\classes;C:\projects\my-project\conf\.m2\repository\org\springframework\data\spring-data-commons\2.1.9.RELEASE\spring-data-commons-2.1.9.RELEASE.jar;C:\projects\my-project\conf\.m2\repository\com\devonfw\java\modules\devon4j-rest\3.1.1\devon4j-rest-3.1.1.jar;C:\projects\my-project\conf\.m2\repository\com\fasterxml\jackson\jaxrs\jackson-jaxrs-json-provider\2.9.9\jackson-jaxrs-json-provider-2.9.9.jar;C:\projects\my-project\conf\.m2\repository\com\fasterxml\jackson\jaxrs\jackson-jaxrs-base\2.9.9\jackson-jaxrs-base-2.9.9.jar;C:\projects\my-project\conf\.m2\repository\com\fasterxml\jackson\module\jackson-module-jaxb-annotations\2.9.9\jackson-module-jaxb-annotations-2.9.9.jar;C:\projects\my-project\conf\.m2\repository\javax\ws\rs\javax.ws.rs-api\2.1\javax.ws.rs-api-2.1.jar;C:\projects\my-project\conf\.m2\repository\com\devonfw\java\modules\devon4j-service\3.1.1\devon4j-service-3.1.1.jar;C:\projects\my-project\conf\.m2\repository\com\devonfw\java\modules\devon4j-json\3.1.1\devon4j-json-3.1.1.jar;C:\projects\my-project\conf\.m2\repository\net\sf\m-m-m\mmm-util-validation\8.7.0\mmm-util-validation-8.7.0.jar;C:\projects\my-project\conf\.m2\repository\net\sf\m-m-m\mmm-util-pojopath\8.7.0\mmm-util-pojopath-8.7.0.jar;C:\projects\my-project\conf\.m2\repository\net\sf\m-m-m\mmm-util-value\8.7.0\mmm-util-value-8.7.0.jar;C:\projects\my-project\conf\.m2\repository\net\sf\m-m-m\mmm-util-pojo\8.7.0\mmm-util-pojo-8.7.0.jar;C:\projects\my-project\conf\.m2\repository\net\sf\m-m-m\mmm-util-reflect\8.7.0\mmm-util-reflect-8.7.0.jar;C:\projects\my-project\conf\.m2\repository\net\sf\m-m-m\mmm-util-collection\8.7.0\mmm-util-collection-8.7.0.jar;C:\projects\my-project\conf\.m2\repository\net\sf\m-m-m\mmm-util-math\8.7.0\mmm-util-math-8.7.0.jar;C:\projects\my-project\conf\.m2\repository\net\sf\m-m-m\mmm-util-lang\8.7.0\mmm-util-lang-8.7.0.jar;C:\projects\my-project\conf\.m2\repository\net\sf\m-m-m\mmm-util-exception\8.7.0\mmm-util-exception-8.7.0.jar;C:\projects\my-project\conf\.m2\repository\net\sf\m-m-m\mmm-util-nls\8.7.0\mmm-util-nls-8.7.0.jar;C:\projects\my-project\conf\.m2\repository\net\sf\m-m-m\mmm-util-text\8.7.0\mmm-util-text-8.7.0.jar;C:\projects\my-project\conf\.m2\repository\net\sf\m-m-m\mmm-util-date\8.7.0\mmm-util-date-8.7.0.jar;C:\projects\my-project\conf\.m2\repository\net\sf\m-m-m\mmm-util-scanner\8.7.0\mmm-util-scanner-8.7.0.jar;C:\projects\my-project\conf\.m2\repository\net\sf\m-m-m\mmm-util-session\8.7.0\mmm-util-session-8.7.0.jar;C:\projects\my-project\conf\.m2\repository\org\glassfish\web\javax.el\2.2.6\javax.el-2.2.6.jar;C:\projects\my-project\conf\.m2\repository\com\devonfw\java\modules\devon4j-logging\3.1.1\devon4j-logging-3.1.1.jar;C:\projects\my-project\conf\.m2\repository\ch\qos\logback\logback-classic\1.2.3\logback-classic-1.2.3.jar;C:\projects\my-project\conf\.m2\repository\ch\qos\logback\logback-core\1.2.3\logback-core-1.2.3.jar;C:\projects\my-project\conf\.m2\repository\org\slf4j\jcl-over-slf4j\1.7.26\jcl-over-slf4j-1.7.26.jar;C:\projects\my-project\conf\.m2\repository\org\apache\httpcomponents\httpclient\4.5.9\httpclient-4.5.9.jar;C:\projects\my-project\conf\.m2\repository\org\apache\httpcomponents\httpcore\4.4.11\httpcore-4.4.11.jar;C:\projects\my-project\conf\.m2\repository\commons-codec\commons-codec\1.11\commons-codec-1.11.jar;C:\projects\my-project\conf\.m2\repository\com\devonfw\java\modules\devon4j-beanmapping\3.1.1\devon4j-beanmapping-3.1.1.jar;C:\projects\my-project\conf\.m2\repository\com\devonfw\java\modules\devon4j-basic\3.1.1\devon4j-basic-3.1.1.jar;C:\projects\my-project\conf\.m2\repository\com\github\dozermapper\dozer-core\6.4.1\dozer-core-6.4.1.jar;C:\projects\my-project\conf\.m2\repository\commons-beanutils\commons-beanutils\1.9.3\commons-beanutils-1.9.3.jar;C:\projects\my-project\conf\.m2\repository\commons-collections\commons-collections\3.2.2\commons-collections-3.2.2.jar;C:\projects\my-project\conf\.m2\repository\org\apache\commons\commons-lang3\3.8.1\commons-lang3-3.8.1.jar;C:\projects\my-project\conf\.m2\repository\commons-io\commons-io\2.5\commons-io-2.5.jar;C:\projects\my-project\conf\.m2\repository\org\objenesis\objenesis\2.6\objenesis-2.6.jar;C:\projects\my-project\conf\.m2\repository\javax\xml\bind\jaxb-api\2.3.1\jaxb-api-2.3.1.jar;C:\projects\my-project\conf\.m2\repository\org\glassfish\jaxb\jaxb-runtime\2.3.1\jaxb-runtime-2.3.1.jar;C:\projects\my-project\conf\.m2\repository\org\glassfish\jaxb\txw2\2.3.1\txw2-2.3.1.jar;C:\projects\my-project\conf\.m2\repository\com\sun\istack\istack-commons-runtime\3.0.7\istack-commons-runtime-3.0.7.jar;C:\projects\my-project\conf\.m2\repository\org\jvnet\staxex\stax-ex\1.8\stax-ex-1.8.jar;C:\projects\my-project\conf\.m2\repository\com\sun\xml\fastinfoset\FastInfoset\1.2.15\FastInfoset-1.2.15.jar;C:\projects\my-project\conf\.m2\repository\com\devonfw\java\modules\devon4j-security\3.1.1\devon4j-security-3.1.1.jar;C:\projects\my-project\conf\.m2\repository\org\springframework\spring-web\5.1.8.RELEASE\spring-web-5.1.8.RELEASE.jar;C:\projects\my-project\conf\.m2\repository\org\springframework\security\spring-security-config\5.1.5.RELEASE\spring-security-config-5.1.5.RELEASE.jar;C:\projects\my-project\conf\.m2\repository\org\springframework\security\spring-security-core\5.1.5.RELEASE\spring-security-core-5.1.5.RELEASE.jar;C:\projects\my-project\conf\.m2\repository\org\springframework\security\spring-security-web\5.1.5.RELEASE\spring-security-web-5.1.5.RELEASE.jar;C:\projects\my-project\conf\.m2\repository\javax\inject\javax.inject\1\javax.inject-1.jar;C:\projects\my-project\conf\.m2\repository\javax\annotation\javax.annotation-api\1.3.2\javax.annotation-api-1.3.2.jar;C:\projects\my-project\conf\.m2\repository\javax\activation\javax.activation-api\1.2.0\javax.activation-api-1.2.0.jar;C:\projects\my-project\conf\.m2\repository\com\fasterxml\jackson\core\jackson-databind\2.9.9.2\jackson-databind-2.9.9.2.jar;C:\projects\my-project\conf\.m2\repository\com\fasterxml\jackson\core\jackson-annotations\2.9.0\jackson-annotations-2.9.0.jar;C:\projects\my-project\conf\.m2\repository\com\fasterxml\jackson\core\jackson-core\2.9.9\jackson-core-2.9.9.jar;C:\projects\my-project\conf\.m2\repository\com\devonfw\java\modules\devon4j-web\3.1.1\devon4j-web-3.1.1.jar;C:\projects\my-project\conf\.m2\repository\com\devonfw\java\starters\devon4j-starter-cxf-client-rest\3.1.1\devon4j-starter-cxf-client-rest-3.1.1.jar;C:\projects\my-project\conf\.m2\repository\com\devonfw\java\starters\devon4j-starter-cxf-client\3.1.1\devon4j-starter-cxf-client-3.1.1.jar;C:\projects\my-project\conf\.m2\repository\com\devonfw\java\modules\devon4j-cxf-client\3.1.1\devon4j-cxf-client-3.1.1.jar;C:\projects\my-project\conf\.m2\repository\com\devonfw\java\modules\devon4j-cxf-client-rest\3.1.1\devon4j-cxf-client-rest-3.1.1.jar;C:\projects\my-project\conf\.m2\repository\org\apache\cxf\cxf-rt-rs-client\3.2.5\cxf-rt-rs-client-3.2.5.jar;C:\projects\my-project\conf\.m2\repository\com\devonfw\java\starters\devon4j-starter-cxf-client-ws\3.1.1\devon4j-starter-cxf-client-ws-3.1.1.jar;C:\projects\my-project\conf\.m2\repository\com\devonfw\java\modules\devon4j-cxf-client-ws\3.1.1\devon4j-cxf-client-ws-3.1.1.jar;C:\projects\my-project\conf\.m2\repository\org\apache\cxf\cxf-rt-frontend-jaxws\3.2.5\cxf-rt-frontend-jaxws-3.2.5.jar;C:\projects\my-project\conf\.m2\repository\xml-resolver\xml-resolver\1.2\xml-resolver-1.2.jar;C:\projects\my-project\conf\.m2\repository\org\apache\cxf\cxf-rt-bindings-soap\3.2.5\cxf-rt-bindings-soap-3.2.5.jar;C:\projects\my-project\conf\.m2\repository\org\apache\cxf\cxf-rt-wsdl\3.2.5\cxf-rt-wsdl-3.2.5.jar;C:\projects\my-project\conf\.m2\repository\wsdl4j\wsdl4j\1.6.3\wsdl4j-1.6.3.jar;C:\projects\my-project\conf\.m2\repository\org\apache\cxf\cxf-rt-databinding-jaxb\3.2.5\cxf-rt-databinding-jaxb-3.2.5.jar;C:\projects\my-project\conf\.m2\repository\org\apache\cxf\cxf-rt-bindings-xml\3.2.5\cxf-rt-bindings-xml-3.2.5.jar;C:\projects\my-project\conf\.m2\repository\org\apache\cxf\cxf-rt-frontend-simple\3.2.5\cxf-rt-frontend-simple-3.2.5.jar;C:\projects\my-project\conf\.m2\repository\org\apache\cxf\cxf-rt-ws-addr\3.2.5\cxf-rt-ws-addr-3.2.5.jar;C:\projects\my-project\conf\.m2\repository\org\apache\cxf\cxf-rt-ws-policy\3.2.5\cxf-rt-ws-policy-3.2.5.jar;C:\projects\my-project\conf\.m2\repository\org\apache\neethi\neethi\3.1.1\neethi-3.1.1.jar;C:\projects\my-project\conf\.m2\repository\javax\xml\ws\jaxws-api\2.3.1\jaxws-api-2.3.1.jar;C:\projects\my-project\conf\.m2\repository\javax\xml\soap\javax.xml.soap-api\1.4.0\javax.xml.soap-api-1.4.0.jar;C:\projects\my-project\conf\.m2\repository\javax\jws\javax.jws-api\1.1\javax.jws-api-1.1.jar;C:\projects\my-project\conf\.m2\repository\com\devonfw\java\starters\devon4j-starter-cxf-server-rest\3.1.1\devon4j-starter-cxf-server-rest-3.1.1.jar;C:\projects\my-project\conf\.m2\repository\com\devonfw\java\starters\devon4j-starter-cxf-server\3.1.1\devon4j-starter-cxf-server-3.1.1.jar;C:\projects\my-project\conf\.m2\repository\com\devonfw\java\modules\devon4j-cxf-server\3.1.1\devon4j-cxf-server-3.1.1.jar;C:\projects\my-project\conf\.m2\repository\com\devonfw\java\modules\devon4j-cxf-server-rest\3.1.1\devon4j-cxf-server-rest-3.1.1.jar;C:\projects\my-project\conf\.m2\repository\com\devonfw\java\starters\devon4j-starter-cxf-server-ws\3.1.1\devon4j-starter-cxf-server-ws-3.1.1.jar;C:\projects\my-project\conf\.m2\repository\com\devonfw\java\modules\devon4j-cxf-server-ws\3.1.1\devon4j-cxf-server-ws-3.1.1.jar;C:\projects\my-project\conf\.m2\repository\org\springframework\boot\spring-boot-starter-web-services\2.1.6.RELEASE\spring-boot-starter-web-services-2.1.6.RELEASE.jar;C:\projects\my-project\conf\.m2\repository\com\sun\xml\messaging\saaj\saaj-impl\1.5.0\saaj-impl-1.5.0.jar;C:\projects\my-project\conf\.m2\repository\org\jvnet\mimepull\mimepull\1.9.11\mimepull-1.9.11.jar;C:\projects\my-project\conf\.m2\repository\org\springframework\spring-oxm\5.1.8.RELEASE\spring-oxm-5.1.8.RELEASE.jar;C:\projects\my-project\conf\.m2\repository\org\springframework\ws\spring-ws-core\3.0.7.RELEASE\spring-ws-core-3.0.7.RELEASE.jar;C:\projects\my-project\conf\.m2\repository\org\springframework\ws\spring-xml\3.0.7.RELEASE\spring-xml-3.0.7.RELEASE.jar;C:\projects\my-project\conf\.m2\repository\com\devonfw\java\starters\devon4j-starter-spring-data-jpa\3.1.1\devon4j-starter-spring-data-jpa-3.1.1.jar;C:\projects\my-project\conf\.m2\repository\com\devonfw\java\modules\devon4j-jpa-spring-data\3.1.1\devon4j-jpa-spring-data-3.1.1.jar;C:\projects\my-project\conf\.m2\repository\com\devonfw\java\modules\devon4j-jpa-basic\3.1.1\devon4j-jpa-basic-3.1.1.jar;C:\projects\my-project\conf\.m2\repository\org\springframework\data\spring-data-jpa\2.1.9.RELEASE\spring-data-jpa-2.1.9.RELEASE.jar;C:\projects\my-project\conf\.m2\repository\org\springframework\spring-orm\5.1.8.RELEASE\spring-orm-5.1.8.RELEASE.jar;C:\projects\my-project\conf\.m2\repository\org\aspectj\aspectjrt\1.9.4\aspectjrt-1.9.4.jar;C:\projects\my-project\conf\.m2\repository\org\aspectj\aspectjweaver\1.9.4\aspectjweaver-1.9.4.jar;C:\projects\my-project\conf\.m2\repository\org\springframework\boot\spring-boot-starter-data-jpa\2.1.6.RELEASE\spring-boot-starter-data-jpa-2.1.6.RELEASE.jar;C:\projects\my-project\conf\.m2\repository\org\springframework\boot\spring-boot-starter-aop\2.1.6.RELEASE\spring-boot-starter-aop-2.1.6.RELEASE.jar;C:\projects\my-project\conf\.m2\repository\javax\transaction\javax.transaction-api\1.3\javax.transaction-api-1.3.jar;C:\projects\my-project\conf\.m2\repository\org\springframework\spring-aspects\5.1.8.RELEASE\spring-aspects-5.1.8.RELEASE.jar;C:\projects\my-project\conf\.m2\repository\org\springframework\boot\spring-boot-starter-jdbc\2.1.6.RELEASE\spring-boot-starter-jdbc-2.1.6.RELEASE.jar;C:\projects\my-project\conf\.m2\repository\org\springframework\boot\spring-boot-starter\2.1.6.RELEASE\spring-boot-starter-2.1.6.RELEASE.jar;C:\projects\my-project\conf\.m2\repository\org\springframework\boot\spring-boot\2.1.6.RELEASE\spring-boot-2.1.6.RELEASE.jar;C:\projects\my-project\conf\.m2\repository\org\springframework\boot\spring-boot-autoconfigure\2.1.6.RELEASE\spring-boot-autoconfigure-2.1.6.RELEASE.jar;C:\projects\my-project\conf\.m2\repository\org\springframework\boot\spring-boot-starter-logging\2.1.6.RELEASE\spring-boot-starter-logging-2.1.6.RELEASE.jar;C:\projects\my-project\conf\.m2\repository\org\apache\logging\log4j\log4j-to-slf4j\2.11.2\log4j-to-slf4j-2.11.2.jar;C:\projects\my-project\conf\.m2\repository\org\apache\logging\log4j\log4j-api\2.11.2\log4j-api-2.11.2.jar;C:\projects\my-project\conf\.m2\repository\org\slf4j\jul-to-slf4j\1.7.26\jul-to-slf4j-1.7.26.jar;C:\projects\my-project\conf\.m2\repository\org\yaml\snakeyaml\1.23\snakeyaml-1.23.jar;C:\projects\my-project\conf\.m2\repository\com\zaxxer\HikariCP\3.2.0\HikariCP-3.2.0.jar;C:\projects\my-project\conf\.m2\repository\org\springframework\spring-jdbc\5.1.8.RELEASE\spring-jdbc-5.1.8.RELEASE.jar;C:\projects\my-project\conf\.m2\repository\org\springframework\spring-tx\5.1.8.RELEASE\spring-tx-5.1.8.RELEASE.jar;C:\projects\my-project\conf\.m2\repository\javax\persistence\javax.persistence-api\2.2\javax.persistence-api-2.2.jar;C:\projects\my-project\conf\.m2\repository\org\hibernate\hibernate-entitymanager\5.3.10.Final\hibernate-entitymanager-5.3.10.Final.jar;C:\projects\my-project\conf\.m2\repository\org\jboss\logging\jboss-logging\3.3.2.Final\jboss-logging-3.3.2.Final.jar;C:\projects\my-project\conf\.m2\repository\org\hibernate\hibernate-core\5.3.10.Final\hibernate-core-5.3.10.Final.jar;C:\projects\my-project\conf\.m2\repository\org\javassist\javassist\3.23.2-GA\javassist-3.23.2-GA.jar;C:\projects\my-project\conf\.m2\repository\antlr\antlr\2.7.7\antlr-2.7.7.jar;C:\projects\my-project\conf\.m2\repository\org\jboss\jandex\2.0.5.Final\jandex-2.0.5.Final.jar;C:\projects\my-project\conf\.m2\repository\org\dom4j\dom4j\2.1.1\dom4j-2.1.1.jar;C:\projects\my-project\conf\.m2\repository\org\hibernate\common\hibernate-commons-annotations\5.0.4.Final\hibernate-commons-annotations-5.0.4.Final.jar;C:\projects\my-project\conf\.m2\repository\net\bytebuddy\byte-buddy\1.9.13\byte-buddy-1.9.13.jar;C:\projects\my-project\conf\.m2\repository\org\jboss\spec\javax\transaction\jboss-transaction-api_1.2_spec\1.1.1.Final\jboss-transaction-api_1.2_spec-1.1.1.Final.jar;C:\projects\my-project\conf\.m2\repository\com\querydsl\querydsl-jpa\4.2.1\querydsl-jpa-4.2.1.jar;C:\projects\my-project\conf\.m2\repository\com\querydsl\querydsl-core\4.2.1\querydsl-core-4.2.1.jar;C:\projects\my-project\conf\.m2\repository\com\google\guava\guava\28.0-jre\guava-28.0-jre.jar;C:\projects\my-project\conf\.m2\repository\com\google\guava\failureaccess\1.0.1\failureaccess-1.0.1.jar;C:\projects\my-project\conf\.m2\repository\com\google\guava\listenablefuture\9999.0-empty-to-avoid-conflict-with-guava\listenablefuture-9999.0-empty-to-avoid-conflict-with-guava.jar;C:\projects\my-project\conf\.m2\repository\org\checkerframework\checker-qual\2.8.1\checker-qual-2.8.1.jar;C:\projects\my-project\conf\.m2\repository\com\google\errorprone\error_prone_annotations\2.3.2\error_prone_annotations-2.3.2.jar;C:\projects\my-project\conf\.m2\repository\com\google\j2objc\j2objc-annotations\1.3\j2objc-annotations-1.3.jar;C:\projects\my-project\conf\.m2\repository\org\codehaus\mojo\animal-sniffer-annotations\1.17\animal-sniffer-annotations-1.17.jar;C:\projects\my-project\conf\.m2\repository\com\google\code\findbugs\jsr305\1.3.9\jsr305-1.3.9.jar;C:\projects\my-project\conf\.m2\repository\com\mysema\commons\mysema-commons-lang\0.2.4\mysema-commons-lang-0.2.4.jar;C:\projects\my-project\conf\.m2\repository\com\infradna\tool\bridge-method-annotation\1.13\bridge-method-annotation-1.13.jar;C:\projects\my-project\conf\.m2\repository\com\querydsl\querydsl-apt\4.2.1\querydsl-apt-4.2.1.jar;C:\projects\my-project\conf\.m2\repository\com\querydsl\querydsl-codegen\4.2.1\querydsl-codegen-4.2.1.jar;C:\projects\my-project\conf\.m2\repository\com\mysema\codegen\codegen\0.6.8\codegen-0.6.8.jar;C:\projects\my-project\conf\.m2\repository\org\eclipse\jdt\core\compiler\ecj\4.3.1\ecj-4.3.1.jar;C:\projects\my-project\conf\.m2\repository\org\reflections\reflections\0.9.9\reflections-0.9.9.jar;C:\projects\my-project\conf\.m2\repository\com\google\code\findbugs\annotations\2.0.1\annotations-2.0.1.jar;C:\projects\my-project\conf\.m2\repository\org\hibernate\validator\hibernate-validator\6.0.17.Final\hibernate-validator-6.0.17.Final.jar;C:\projects\my-project\conf\.m2\repository\javax\validation\validation-api\2.0.1.Final\validation-api-2.0.1.Final.jar;C:\projects\my-project\conf\.m2\repository\com\fasterxml\classmate\1.4.0\classmate-1.4.0.jar;C:\projects\my-project\conf\.m2\repository\javax\servlet\javax.servlet-api\4.0.1\javax.servlet-api-4.0.1.jar;C:\projects\my-project\conf\.m2\repository\javax\el\javax.el-api\3.0.0\javax.el-api-3.0.0.jar;C:\projects\my-project\conf\.m2\repository\org\springframework\spring-webmvc\5.1.8.RELEASE\spring-webmvc-5.1.8.RELEASE.jar;C:\projects\my-project\conf\.m2\repository\org\springframework\spring-beans\5.1.8.RELEASE\spring-beans-5.1.8.RELEASE.jar;C:\projects\my-project\conf\.m2\repository\org\springframework\spring-context\5.1.8.RELEASE\spring-context-5.1.8.RELEASE.jar;C:\projects\my-project\conf\.m2\repository\org\springframework\spring-core\5.1.8.RELEASE\spring-core-5.1.8.RELEASE.jar;C:\projects\my-project\conf\.m2\repository\org\springframework\spring-jcl\5.1.8.RELEASE\spring-jcl-5.1.8.RELEASE.jar;C:\projects\my-project\conf\.m2\repository\org\springframework\spring-expression\5.1.8.RELEASE\spring-expression-5.1.8.RELEASE.jar;C:\projects\my-project\conf\.m2\repository\com\h2database\h2\1.4.199\h2-1.4.199.jar;C:\projects\my-project\conf\.m2\repository\org\flywaydb\flyway-core\5.2.4\flyway-core-5.2.4.jar;C:\projects\my-project\conf\.m2\repository\org\apache\cxf\cxf-rt-rs-service-description\3.2.5\cxf-rt-rs-service-description-3.2.5.jar;C:\projects\my-project\conf\.m2\repository\org\apache\cxf\cxf-rt-frontend-jaxrs\3.2.5\cxf-rt-frontend-jaxrs-3.2.5.jar;C:\projects\my-project\conf\.m2\repository\org\apache\cxf\cxf-core\3.2.5\cxf-core-3.2.5.jar;C:\projects\my-project\conf\.m2\repository\com\fasterxml\woodstox\woodstox-core\5.0.3\woodstox-core-5.0.3.jar;C:\projects\my-project\conf\.m2\repository\org\codehaus\woodstox\stax2-api\3.1.4\stax2-api-3.1.4.jar;C:\projects\my-project\conf\.m2\repository\org\apache\ws\xmlschema\xmlschema-core\2.2.3\xmlschema-core-2.2.3.jar;C:\projects\my-project\conf\.m2\repository\org\apache\cxf\cxf-rt-transports-http\3.2.5\cxf-rt-transports-http-3.2.5.jar;C:\projects\my-project\conf\.m2\repository\org\springframework\boot\spring-boot-starter-actuator\2.1.6.RELEASE\spring-boot-starter-actuator-2.1.6.RELEASE.jar;C:\projects\my-project\conf\.m2\repository\org\springframework\boot\spring-boot-actuator-autoconfigure\2.1.6.RELEASE\spring-boot-actuator-autoconfigure-2.1.6.RELEASE.jar;C:\projects\my-project\conf\.m2\repository\org\springframework\boot\spring-boot-actuator\2.1.6.RELEASE\spring-boot-actuator-2.1.6.RELEASE.jar;C:\projects\my-project\conf\.m2\repository\com\fasterxml\jackson\datatype\jackson-datatype-jsr310\2.9.9\jackson-datatype-jsr310-2.9.9.jar;C:\projects\my-project\conf\.m2\repository\io\micrometer\micrometer-core\1.1.5\micrometer-core-1.1.5.jar;C:\projects\my-project\conf\.m2\repository\org\hdrhistogram\HdrHistogram\2.1.9\HdrHistogram-2.1.9.jar;C:\projects\my-project\conf\.m2\repository\org\latencyutils\LatencyUtils\2.0.3\LatencyUtils-2.0.3.jar;C:\projects\my-project\conf\.m2\repository\org\springframework\spring-aop\5.1.8.RELEASE\spring-aop-5.1.8.RELEASE.jar;C:\projects\my-project\conf\.m2\repository\cglib\cglib\3.2.5\cglib-3.2.5.jar;C:\projects\my-project\conf\.m2\repository\org\ow2\asm\asm\6.0_ALPHA\asm-6.0_ALPHA.jar;C:\projects\my-project\conf\.m2\repository\org\apache\ant\ant\1.9.6\ant-1.9.6.jar;C:\projects\my-project\conf\.m2\repository\org\apache\ant\ant-launcher\1.9.6\ant-launcher-1.9.6.jar;C:\projects\my-project\conf\.m2\repository\net\logstash\logback\logstash-logback-encoder\5.2\logstash-logback-encoder-5.2.jar;C:\projects\my-project\conf\.m2\repository\com\devonfw\java\modules\devon4j-test\3.1.1\devon4j-test-3.1.1.jar;C:\projects\my-project\conf\.m2\repository\org\mockito\mockito-core\2.23.4\mockito-core-2.23.4.jar;C:\projects\my-project\conf\.m2\repository\net\bytebuddy\byte-buddy-agent\1.9.13\byte-buddy-agent-1.9.13.jar;C:\projects\my-project\conf\.m2\repository\org\springframework\boot\spring-boot-starter-test\2.1.6.RELEASE\spring-boot-starter-test-2.1.6.RELEASE.jar;C:\projects\my-project\conf\.m2\repository\org\springframework\boot\spring-boot-test\2.1.6.RELEASE\spring-boot-test-2.1.6.RELEASE.jar;C:\projects\my-project\conf\.m2\repository\org\springframework\boot\spring-boot-test-autoconfigure\2.1.6.RELEASE\spring-boot-test-autoconfigure-2.1.6.RELEASE.jar;C:\projects\my-project\conf\.m2\repository\com\jayway\jsonpath\json-path\2.4.0\json-path-2.4.0.jar;C:\projects\my-project\conf\.m2\repository\net\minidev\json-smart\2.3\json-smart-2.3.jar;C:\projects\my-project\conf\.m2\repository\net\minidev\accessors-smart\1.2\accessors-smart-1.2.jar;C:\projects\my-project\conf\.m2\repository\org\assertj\assertj-core\3.11.1\assertj-core-3.11.1.jar;C:\projects\my-project\conf\.m2\repository\org\hamcrest\hamcrest-core\1.3\hamcrest-core-1.3.jar;C:\projects\my-project\conf\.m2\repository\org\hamcrest\hamcrest-library\1.3\hamcrest-library-1.3.jar;C:\projects\my-project\conf\.m2\repository\org\springframework\spring-test\5.1.8.RELEASE\spring-test-5.1.8.RELEASE.jar;C:\projects\my-project\conf\.m2\repository\org\xmlunit\xmlunit-core\2.6.2\xmlunit-core-2.6.2.jar;C:\projects\my-project\conf\.m2\repository\org\springframework\boot\spring-boot-starter-web\2.1.6.RELEASE\spring-boot-starter-web-2.1.6.RELEASE.jar;C:\projects\my-project\conf\.m2\repository\org\springframework\boot\spring-boot-starter-json\2.1.6.RELEASE\spring-boot-starter-json-2.1.6.RELEASE.jar;C:\projects\my-project\conf\.m2\repository\com\fasterxml\jackson\datatype\jackson-datatype-jdk8\2.9.9\jackson-datatype-jdk8-2.9.9.jar;C:\projects\my-project\conf\.m2\repository\com\fasterxml\jackson\module\jackson-module-parameter-names\2.9.9\jackson-module-parameter-names-2.9.9.jar;C:\projects\my-project\conf\.m2\repository\org\skyscreamer\jsonassert\1.5.0\jsonassert-1.5.0.jar;C:\projects\my-project\conf\.m2\repository\com\vaadin\external\google\android-json\0.0.20131108.vaadin1\android-json-0.0.20131108.vaadin1.jar;C:\projects\my-project\conf\.m2\repository\org\springframework\boot\spring-boot-starter-tomcat\2.1.6.RELEASE\spring-boot-starter-tomcat-2.1.6.RELEASE.jar;C:\projects\my-project\conf\.m2\repository\org\apache\tomcat\embed\tomcat-embed-core\9.0.21\tomcat-embed-core-9.0.21.jar;C:\projects\my-project\conf\.m2\repository\org\apache\tomcat\embed\tomcat-embed-el\9.0.21\tomcat-embed-el-9.0.21.jar;C:\projects\my-project\conf\.m2\repository\org\apache\tomcat\embed\tomcat-embed-websocket\9.0.21\tomcat-embed-websocket-9.0.21.jar;C:\projects\my-project\conf\.m2\repository\junit\junit\4.12\junit-4.12.jar;C:\projects\my-project\conf\.m2\repository\org\slf4j\slf4j-api\1.7.26\slf4j-api-1.7.26.jar;"/>
    <property name="sun.cpu.endian" value="little"/>
    <property name="user.home" value="C:\Users\gpagango"/>
    <property name="user.language" value="en"/>
    <property name="java.specification.vendor" value="Oracle Corporation"/>
    <property name="java.version.date" value="2022-10-18"/>
    <property name="java.home" value="C:\projects\my-project\software\java"/>
    <property name="file.separator" value="\"/>
    <property name="basedir" value="C:\projects\my-project\workspaces\main\jumpthequeue\java\jtqj\core"/>
    <property name="java.vm.compressedOopsMode" value="Zero based"/>
    <property name="line.separator" value="&#10;"/>
    <property name="java.vm.specification.vendor" value="Oracle Corporation"/>
    <property name="java.specification.name" value="Java Platform API Specification"/>
    <property name="surefire.real.class.path" value="C:\Users\gpagango\AppData\Local\Temp\surefire14387196092542368294\surefirebooter6534470998165420043.jar"/>
    <property name="user.script" value=""/>
    <property name="sun.management.compiler" value="HotSpot 64-Bit Tiered Compilers"/>
    <property name="java.runtime.version" value="17.0.5+8"/>
    <property name="user.name" value="gpagango"/>
    <property name="path.separator" value=";"/>
    <property name="os.version" value="10.0"/>
    <property name="java.runtime.name" value="OpenJDK Runtime Environment"/>
    <property name="file.encoding" value="Cp1252"/>
    <property name="java.vm.name" value="OpenJDK 64-Bit Server VM"/>
    <property name="java.vendor.version" value="Temurin-17.0.5+8"/>
    <property name="localRepository" value="C:\projects\my-project\conf\.m2\repository"/>
    <property name="java.vendor.url.bug" value="https://github.com/adoptium/adoptium-support/issues"/>
    <property name="java.io.tmpdir" value="C:\Users\gpagango\AppData\Local\Temp\"/>
    <property name="java.version" value="17.0.5"/>
    <property name="user.dir" value="C:\projects\my-project\workspaces\main\jumpthequeue\java\jtqj\core"/>
    <property name="os.arch" value="amd64"/>
    <property name="java.vm.specification.name" value="Java Virtual Machine Specification"/>
    <property name="user.language.format" value="es"/>
    <property name="sun.os.patch.level" value=""/>
    <property name="native.encoding" value="Cp1252"/>
    <property name="java.library.path" value="C:\projects\my-project\software\java\bin;C:\WINDOWS\Sun\Java\bin;C:\WINDOWS\system32;C:\WINDOWS;C:\projects\my-project\software\vscode-extensions;C:\projects\my-project\software\vscode\bin;C:\projects\my-project\software\node;C:\projects\my-project\software\maven\bin;C:\projects\my-project\software\java\bin;C:\projects\my-project\software\eclipse;C:\ProgramData\Oracle\Java\javapath;C:\Program Files\Eclipse Adoptium\jdk-17.0.3.7-hotspot\bin;C:\WINDOWS\system32;C:\WINDOWS;C:\WINDOWS\System32\Wbem;C:\WINDOWS\System32\WindowsPowerShell\v1.0\;C:\WINDOWS\System32\OpenSSH\;C:\Program Files\Microsoft VS Code\bin;C:\Program Files\nodejs\;C:\Users\gpagango\AppData\Local\Microsoft\WindowsApps;C:\Users\gpagango\scripts;C:\Users\gpagango\AppData\Local\Programs\Git\cmd;C:\Users\gpagango\AppData\Roaming\npm;."/>
    <property name="java.vm.info" value="mixed mode, sharing"/>
    <property name="java.vendor" value="Eclipse Adoptium"/>
    <property name="java.vm.version" value="17.0.5+8"/>
    <property name="sun.io.unicode.encoding" value="UnicodeLittle"/>
    <property name="java.class.version" value="61.0"/>
  </properties>
  <testcase name="findVisitorsTest" classname="com.devonfw.application.jtqj.visitormanagement.logic.impl.VisitormanagementTest" time="0"/>
  <testcase name="saveVisitorTest" classname="com.devonfw.application.jtqj.visitormanagement.logic.impl.VisitormanagementTest" time="0.124"/>
</testsuite>